{
  "RSpec": {
    "coverage": {
      "/Users/willdixon/MakersProjects/Week9/BankTechTest/BankTechTestRuby/spec/account_spec.rb": [
        1,
        1,
        null,
        1,
        8,
        null,
        1,
        1,
        null,
        null,
        1,
        1,
        null,
        null,
        1,
        1,
        1,
        null,
        null,
        1,
        1,
        1,
        1,
        null,
        null,
        null,
        1,
        1,
        1,
        1,
        1,
        null,
        null,
        1,
        1,
        1,
        null,
        null,
        1,
        2,
        null,
        null,
        null
      ],
      "/Users/willdixon/MakersProjects/Week9/BankTechTest/BankTechTestRuby/lib/account.rb": [
        1,
        null,
        1,
        null,
        1,
        null,
        1,
        8,
        8,
        null,
        null,
        1,
        9,
        9,
        9,
        9,
        9,
        null,
        null,
        null,
        1,
        null,
        1,
        9,
        9,
        null,
        null,
        1,
        18,
        null,
        null,
        1,
        9,
        null,
        null,
        1,
        9,
        4,
        5,
        5,
        null,
        null,
        null
      ],
      "/Users/willdixon/MakersProjects/Week9/BankTechTest/BankTechTestRuby/lib/transaction.rb": [
        null,
        1,
        1,
        null,
        1,
        14,
        14,
        14,
        14,
        null,
        null
      ],
      "/Users/willdixon/MakersProjects/Week9/BankTechTest/BankTechTestRuby/spec/features/account_activity_spec.rb": [
        1,
        1,
        1,
        1,
        1,
        1,
        1,
        1,
        1,
        null,
        null
      ],
      "/Users/willdixon/MakersProjects/Week9/BankTechTest/BankTechTestRuby/spec/statement_spec.rb": [
        1,
        null,
        1,
        4,
        1,
        1,
        null,
        null,
        1,
        1,
        1,
        1,
        1,
        1,
        null,
        1,
        1,
        1,
        1,
        1,
        1,
        1,
        null,
        null,
        null,
        null
      ],
      "/Users/willdixon/MakersProjects/Week9/BankTechTest/BankTechTestRuby/lib/statement.rb": [
        1,
        null,
        1,
        4,
        null,
        null,
        1,
        3,
        3,
        3,
        null,
        null,
        1,
        3,
        3,
        7,
        5,
        2,
        2,
        null,
        null,
        3,
        null,
        null
      ],
      "/Users/willdixon/MakersProjects/Week9/BankTechTest/BankTechTestRuby/spec/transaction_spec.rb": [
        1,
        null,
        1,
        6,
        null,
        1,
        1,
        null,
        null,
        1,
        1,
        1,
        null,
        null,
        1,
        1,
        null,
        null,
        1,
        1,
        null,
        null,
        1,
        1,
        null,
        null
      ]
    },
    "timestamp": 1612948944
  }
}
